d:\college\junior\计算机视觉\homework\homework6\homework6\homework6\release\vc141.pdb
d:\college\junior\计算机视觉\homework\homework6\homework6\homework6\release\siftmatch.obj
d:\college\junior\计算机视觉\homework\homework6\homework6\homework6\release\sift.obj
d:\college\junior\计算机视觉\homework\homework6\homework6\homework6\release\ransac.obj
d:\college\junior\计算机视觉\homework\homework6\homework6\homework6\release\mosaic.obj
d:\college\junior\计算机视觉\homework\homework6\homework6\homework6\release\main.obj
d:\college\junior\计算机视觉\homework\homework6\homework6\homework6\release\testtwo.obj
d:\college\junior\计算机视觉\homework\homework6\homework6\homework6\release\spherical.obj
d:\college\junior\计算机视觉\homework\homework6\homework6\homework6\release\cylindral.obj
d:\college\junior\计算机视觉\homework\homework6\homework6\release\homework6.ipdb
d:\college\junior\计算机视觉\homework\homework6\homework6\release\homework6.iobj
d:\college\junior\计算机视觉\homework\homework6\homework6\release\homework6.exe
d:\college\junior\计算机视觉\homework\homework6\homework6\release\homework6.pdb
d:\college\junior\计算机视觉\homework\homework6\homework6\homework6\release\homework6.tlog\cl.command.1.tlog
d:\college\junior\计算机视觉\homework\homework6\homework6\homework6\release\homework6.tlog\cl.read.1.tlog
d:\college\junior\计算机视觉\homework\homework6\homework6\homework6\release\homework6.tlog\cl.write.1.tlog
d:\college\junior\计算机视觉\homework\homework6\homework6\homework6\release\homework6.tlog\homework6.write.1u.tlog
d:\college\junior\计算机视觉\homework\homework6\homework6\homework6\release\homework6.tlog\link.command.1.tlog
d:\college\junior\计算机视觉\homework\homework6\homework6\homework6\release\homework6.tlog\link.read.1.tlog
d:\college\junior\计算机视觉\homework\homework6\homework6\homework6\release\homework6.tlog\link.write.1.tlog
