  canny.cpp
d:\college\junior\计算机视觉\homework\final\final\final\canny.cpp : warning C4819: 该文件包含不能在当前代码页(936)中表示的字符。请将该文件保存为 Unicode 格式以防止数据丢失
d:\college\junior\计算机视觉\homework\final\final\final\canny.cpp(29): warning C4244: “=”: 从“double”转换到“unsigned int”，可能丢失数据
d:\college\junior\计算机视觉\homework\final\final\final\canny.cpp(35): warning C4244: “=”: 从“double”转换到“unsigned int”，可能丢失数据
d:\college\junior\计算机视觉\homework\final\final\final\canny.cpp(126): warning C4018: “<”: 有符号/无符号不匹配
d:\college\junior\计算机视觉\homework\final\final\final\canny.cpp(127): warning C4018: “<”: 有符号/无符号不匹配
d:\college\junior\计算机视觉\homework\final\final\final\canny.cpp(133): warning C4018: “<”: 有符号/无符号不匹配
d:\college\junior\计算机视觉\homework\final\final\final\canny.cpp(134): warning C4018: “<”: 有符号/无符号不匹配
d:\college\junior\计算机视觉\homework\final\final\final\canny.cpp(144): warning C4244: “参数”: 从“double”转换到“const unsigned int”，可能丢失数据
d:\college\junior\计算机视觉\homework\final\final\final\canny.cpp(152): warning C4018: “<”: 有符号/无符号不匹配
d:\college\junior\计算机视觉\homework\final\final\final\canny.cpp(153): warning C4018: “<”: 有符号/无符号不匹配
d:\college\junior\计算机视觉\homework\final\final\final\canny.cpp(154): warning C4244: “初始化”: 从“const double”转换到“float”，可能丢失数据
d:\college\junior\计算机视觉\homework\final\final\final\canny.cpp(190): warning C4018: “<”: 有符号/无符号不匹配
d:\college\junior\计算机视觉\homework\final\final\final\canny.cpp(192): warning C4018: “<”: 有符号/无符号不匹配
d:\college\junior\计算机视觉\homework\final\final\final\canny.cpp(199): warning C4018: “<”: 有符号/无符号不匹配
d:\college\junior\计算机视觉\homework\final\final\final\canny.cpp(200): warning C4018: “<”: 有符号/无符号不匹配
d:\college\junior\计算机视觉\homework\final\final\final\canny.cpp(204): warning C4018: “<”: 有符号/无符号不匹配
d:\college\junior\计算机视觉\homework\final\final\final\canny.cpp(205): warning C4018: “<”: 有符号/无符号不匹配
d:\college\junior\计算机视觉\homework\final\final\final\canny.cpp(216): warning C4018: “<”: 有符号/无符号不匹配
  cluster.cpp
c:\program files (x86)\microsoft visual studio\2017\community\vc\tools\msvc\14.14.26428\include\utility(234): warning C4244: “初始化”: 从“double”转换到“const int”，可能丢失数据
  c:\program files (x86)\microsoft visual studio\2017\community\vc\tools\msvc\14.14.26428\include\xmemory0(918): note: 参见对正在编译的函数 模板 实例化“std::pair<const _Kty,_Ty>::pair<double,std::complex<double>,0>(std::pair<double,std::complex<double>> &&) noexcept”的引用
          with
          [
              _Kty=int,
              _Ty=Point
          ]
  c:\program files (x86)\microsoft visual studio\2017\community\vc\tools\msvc\14.14.26428\include\xmemory0(920): note: 参见对正在编译的函数 模板 实例化“std::pair<const _Kty,_Ty>::pair<double,std::complex<double>,0>(std::pair<double,std::complex<double>> &&) noexcept”的引用
          with
          [
              _Kty=int,
              _Ty=Point
          ]
  c:\program files (x86)\microsoft visual studio\2017\community\vc\tools\msvc\14.14.26428\include\xtree(1022): note: 参见对正在编译的函数 模板 实例化“void std::_Default_allocator_traits<_Alloc>::construct<_Ty,std::pair<double,std::complex<double>>>(_Alloc &,_Objty *const ,std::pair<double,std::complex<double>> &&)”的引用
          with
          [
              _Alloc=std::allocator<std::_Tree_node<std::pair<const int,Point>,std::_Default_allocator_traits<std::allocator<std::pair<const int,Point>>>::void_pointer>>,
              _Ty=std::pair<const int,Point>,
              _Objty=std::pair<const int,Point>
          ]
  c:\program files (x86)\microsoft visual studio\2017\community\vc\tools\msvc\14.14.26428\include\xtree(1029): note: 参见对正在编译的函数 模板 实例化“void std::_Default_allocator_traits<_Alloc>::construct<_Ty,std::pair<double,std::complex<double>>>(_Alloc &,_Objty *const ,std::pair<double,std::complex<double>> &&)”的引用
          with
          [
              _Alloc=std::allocator<std::_Tree_node<std::pair<const int,Point>,std::_Default_allocator_traits<std::allocator<std::pair<const int,Point>>>::void_pointer>>,
              _Ty=std::pair<const int,Point>,
              _Objty=std::pair<const int,Point>
          ]
  c:\program files (x86)\microsoft visual studio\2017\community\vc\tools\msvc\14.14.26428\include\xtree(1200): note: 参见对正在编译的函数 模板 实例化“std::_Tree_node<_Ty,std::_Default_allocator_traits<_Alloc>::void_pointer> *std::_Tree_comp_alloc<_Traits>::_Buynode<std::pair<double,std::complex<double>>>(std::pair<double,std::complex<double>> &&)”的引用
          with
          [
              _Ty=std::pair<const int,Point>,
              _Alloc=std::allocator<std::pair<const int,Point>>,
              _Traits=std::_Tmap_traits<int,Point,std::less<int>,std::allocator<std::pair<const int,Point>>,true>
          ]
  c:\program files (x86)\microsoft visual studio\2017\community\vc\tools\msvc\14.14.26428\include\xtree(1201): note: 参见对正在编译的函数 模板 实例化“std::_Tree_node<_Ty,std::_Default_allocator_traits<_Alloc>::void_pointer> *std::_Tree_comp_alloc<_Traits>::_Buynode<std::pair<double,std::complex<double>>>(std::pair<double,std::complex<double>> &&)”的引用
          with
          [
              _Ty=std::pair<const int,Point>,
              _Alloc=std::allocator<std::pair<const int,Point>>,
              _Traits=std::_Tmap_traits<int,Point,std::less<int>,std::allocator<std::pair<const int,Point>>,true>
          ]
  c:\program files (x86)\microsoft visual studio\2017\community\vc\tools\msvc\14.14.26428\include\map(559): note: 参见对正在编译的函数 模板 实例化“std::pair<std::_Tree_iterator<std::_Tree_val<std::_Tree_simple_types<_Ty>>>,bool> std::_Tree<std::_Tmap_traits<_Kty,std::complex<double>,_Pr,_Alloc,true>>::emplace<std::pair<double,std::complex<double>>>(std::pair<double,std::complex<double>> &&)”的引用
          with
          [
              _Ty=std::pair<const int,Point>,
              _Kty=int,
              _Pr=std::less<int>,
              _Alloc=std::allocator<std::pair<const int,Point>>
          ]
  c:\program files (x86)\microsoft visual studio\2017\community\vc\tools\msvc\14.14.26428\include\map(560): note: 参见对正在编译的函数 模板 实例化“std::pair<std::_Tree_iterator<std::_Tree_val<std::_Tree_simple_types<_Ty>>>,bool> std::_Tree<std::_Tmap_traits<_Kty,std::complex<double>,_Pr,_Alloc,true>>::emplace<std::pair<double,std::complex<double>>>(std::pair<double,std::complex<double>> &&)”的引用
          with
          [
              _Ty=std::pair<const int,Point>,
              _Kty=int,
              _Pr=std::less<int>,
              _Alloc=std::allocator<std::pair<const int,Point>>
          ]
  c:\program files (x86)\microsoft visual studio\2017\community\vc\tools\msvc\14.14.26428\include\map(574): note: 参见对正在编译的函数 模板 实例化“std::_Tree_iterator<std::_Tree_val<std::_Tree_simple_types<_Ty>>> std::multimap<int,Point,std::less<int>,std::allocator<_Ty>>::emplace<std::pair<double,std::complex<double>>>(std::pair<double,std::complex<double>> &&)”的引用
          with
          [
              _Ty=std::pair<const int,Point>
          ]
  c:\program files (x86)\microsoft visual studio\2017\community\vc\tools\msvc\14.14.26428\include\map(574): note: 参见对正在编译的函数 模板 实例化“std::_Tree_iterator<std::_Tree_val<std::_Tree_simple_types<_Ty>>> std::multimap<int,Point,std::less<int>,std::allocator<_Ty>>::emplace<std::pair<double,std::complex<double>>>(std::pair<double,std::complex<double>> &&)”的引用
          with
          [
              _Ty=std::pair<const int,Point>
          ]
  d:\college\junior\计算机视觉\homework\final\final\final\cluster.cpp(76): note: 参见对正在编译的函数 模板 实例化“std::_Tree_iterator<std::_Tree_val<std::_Tree_simple_types<_Ty>>> std::multimap<int,Point,std::less<int>,std::allocator<_Ty>>::insert<std::pair<double,std::complex<double>>,void>(_Valty &&)”的引用
          with
          [
              _Ty=std::pair<const int,Point>,
              _Valty=std::pair<double,std::complex<double>>
          ]
  d:\college\junior\计算机视觉\homework\final\final\final\cluster.cpp(76): note: 参见对正在编译的函数 模板 实例化“std::_Tree_iterator<std::_Tree_val<std::_Tree_simple_types<_Ty>>> std::multimap<int,Point,std::less<int>,std::allocator<_Ty>>::insert<std::pair<double,std::complex<double>>,void>(_Valty &&)”的引用
          with
          [
              _Ty=std::pair<const int,Point>,
              _Valty=std::pair<double,std::complex<double>>
          ]
  hough.cpp
d:\college\junior\计算机视觉\homework\final\final\final\hough.cpp(49): warning C4244: “+=”: 从“double”转换到“int”，可能丢失数据
d:\college\junior\计算机视觉\homework\final\final\final\hough.cpp(61): warning C4244: “参数”: 从“double”转换到“const float”，可能丢失数据
d:\college\junior\计算机视觉\homework\final\final\final\hough.cpp(111): warning C4018: “<”: 有符号/无符号不匹配
d:\college\junior\计算机视觉\homework\final\final\final\hough.cpp(112): warning C4018: “<”: 有符号/无符号不匹配
d:\college\junior\计算机视觉\homework\final\final\final\hough.cpp(126): warning C4018: “<”: 有符号/无符号不匹配
d:\college\junior\计算机视觉\homework\final\final\final\hough.cpp(138): warning C4018: “<”: 有符号/无符号不匹配
d:\college\junior\计算机视觉\homework\final\final\final\hough.cpp(151): warning C4018: “<”: 有符号/无符号不匹配
d:\college\junior\计算机视觉\homework\final\final\final\hough.cpp(154): warning C4018: “<”: 有符号/无符号不匹配
d:\college\junior\计算机视觉\homework\final\final\final\hough.cpp(155): warning C4018: “<”: 有符号/无符号不匹配
d:\college\junior\计算机视觉\homework\final\final\final\hough.cpp(158): warning C4018: “<”: 有符号/无符号不匹配
d:\college\junior\计算机视觉\homework\final\final\final\hough.cpp(160): warning C4018: “<”: 有符号/无符号不匹配
d:\college\junior\计算机视觉\homework\final\final\final\hough.cpp(161): warning C4018: “<”: 有符号/无符号不匹配
d:\college\junior\计算机视觉\homework\final\final\final\hough.cpp(180): warning C4018: “<”: 有符号/无符号不匹配
  main.cpp
  recognize.cpp
  result.cpp
  segment.cpp
d:\college\junior\计算机视觉\homework\final\final\final\segment.cpp(43): warning C4244: “初始化”: 从“double”转换到“int”，可能丢失数据
d:\college\junior\计算机视觉\homework\final\final\final\segment.cpp(44): warning C4244: “初始化”: 从“double”转换到“int”，可能丢失数据
d:\college\junior\计算机视觉\homework\final\final\final\segment.cpp(83): warning C4244: “初始化”: 从“double”转换到“int”，可能丢失数据
d:\college\junior\计算机视觉\homework\final\final\final\segment.cpp(84): warning C4244: “初始化”: 从“double”转换到“int”，可能丢失数据
d:\college\junior\计算机视觉\homework\final\final\final\segment.cpp(123): warning C4244: “初始化”: 从“double”转换到“int”，可能丢失数据
d:\college\junior\计算机视觉\homework\final\final\final\segment.cpp(124): warning C4244: “初始化”: 从“double”转换到“int”，可能丢失数据
d:\college\junior\计算机视觉\homework\final\final\final\segment.cpp(154): warning C4244: “参数”: 从“double”转换到“const unsigned int”，可能丢失数据
d:\college\junior\计算机视觉\homework\final\final\final\segment.cpp(163): warning C4244: “参数”: 从“double”转换到“const float”，可能丢失数据
d:\college\junior\计算机视觉\homework\final\final\final\segment.cpp(183): warning C4805: “==”: 在操作中将类型“double”与类型“bool”混合不安全
d:\college\junior\计算机视觉\homework\final\final\final\segment.cpp(250): warning C4244: “参数”: 从“double”转换到“const unsigned int”，可能丢失数据
d:\college\junior\计算机视觉\homework\final\final\final\segment.cpp(304): warning C4244: “参数”: 从“double”转换到“const unsigned int”，可能丢失数据
  svm.cpp
  table.cpp
  warping.cpp
d:\college\junior\计算机视觉\homework\final\final\final\warping.cpp(43): warning C4244: “参数”: 从“double”转换到“const float”，可能丢失数据
d:\college\junior\计算机视觉\homework\final\final\final\warping.cpp(65): warning C4244: “=”: 从“double”转换到“int”，可能丢失数据
d:\college\junior\计算机视觉\homework\final\final\final\warping.cpp(66): warning C4244: “=”: 从“double”转换到“int”，可能丢失数据
  正在生成代码...
  Final.vcxproj -> D:\college\Junior\计算机视觉\Homework\Final\Final\Debug\Final.exe
  已复制         1 个文件。
