  main.cpp
  hough.cpp
d:\college\junior\计算机视觉\homework\homework3\homework3\homework3_part2\hough.cpp(28): warning C4244: “初始化”: 从“double”转换到“unsigned int”，可能丢失数据
d:\college\junior\计算机视觉\homework\homework3\homework3\homework3_part2\hough.cpp(45): warning C4018: “<”: 有符号/无符号不匹配
d:\college\junior\计算机视觉\homework\homework3\homework3\homework3_part2\hough.cpp(47): warning C4018: “<”: 有符号/无符号不匹配
d:\college\junior\计算机视觉\homework\homework3\homework3\homework3_part2\hough.cpp(79): warning C4018: “<”: 有符号/无符号不匹配
d:\college\junior\计算机视觉\homework\homework3\homework3\homework3_part2\hough.cpp(80): warning C4018: “<”: 有符号/无符号不匹配
d:\college\junior\计算机视觉\homework\homework3\homework3\homework3_part2\hough.cpp(94): warning C4018: “<”: 有符号/无符号不匹配
d:\college\junior\计算机视觉\homework\homework3\homework3\homework3_part2\hough.cpp(106): warning C4018: “<”: 有符号/无符号不匹配
d:\college\junior\计算机视觉\homework\homework3\homework3\homework3_part2\hough.cpp(123): warning C4018: “<”: 有符号/无符号不匹配
d:\college\junior\计算机视觉\homework\homework3\homework3\homework3_part2\hough.cpp(124): warning C4018: “<”: 有符号/无符号不匹配
d:\college\junior\计算机视觉\homework\homework3\homework3\homework3_part2\hough.cpp(125): warning C4800: “double”: 将值强制为布尔值“true”或“false”(性能警告)
d:\college\junior\计算机视觉\homework\homework3\homework3\homework3_part2\hough.cpp(126): warning C4800: “double”: 将值强制为布尔值“true”或“false”(性能警告)
d:\college\junior\计算机视觉\homework\homework3\homework3\homework3_part2\hough.cpp(127): warning C4800: “double”: 将值强制为布尔值“true”或“false”(性能警告)
  canny.cpp
d:\college\junior\计算机视觉\homework\homework3\homework3\homework3_part2\canny.cpp : warning C4819: 该文件包含不能在当前代码页(936)中表示的字符。请将该文件保存为 Unicode 格式以防止数据丢失
d:\college\junior\计算机视觉\homework\homework3\homework3\homework3_part2\canny.cpp(29): warning C4244: “=”: 从“double”转换到“unsigned int”，可能丢失数据
d:\college\junior\计算机视觉\homework\homework3\homework3\homework3_part2\canny.cpp(35): warning C4244: “=”: 从“double”转换到“unsigned int”，可能丢失数据
d:\college\junior\计算机视觉\homework\homework3\homework3\homework3_part2\canny.cpp(45): warning C4305: “参数”: 从“double”到“const float”截断
d:\college\junior\计算机视觉\homework\homework3\homework3\homework3_part2\canny.cpp(127): warning C4018: “<”: 有符号/无符号不匹配
d:\college\junior\计算机视觉\homework\homework3\homework3\homework3_part2\canny.cpp(128): warning C4018: “<”: 有符号/无符号不匹配
d:\college\junior\计算机视觉\homework\homework3\homework3\homework3_part2\canny.cpp(134): warning C4018: “<”: 有符号/无符号不匹配
d:\college\junior\计算机视觉\homework\homework3\homework3\homework3_part2\canny.cpp(135): warning C4018: “<”: 有符号/无符号不匹配
d:\college\junior\计算机视觉\homework\homework3\homework3\homework3_part2\canny.cpp(145): warning C4244: “参数”: 从“double”转换到“const unsigned int”，可能丢失数据
d:\college\junior\计算机视觉\homework\homework3\homework3\homework3_part2\canny.cpp(153): warning C4018: “<”: 有符号/无符号不匹配
d:\college\junior\计算机视觉\homework\homework3\homework3\homework3_part2\canny.cpp(154): warning C4018: “<”: 有符号/无符号不匹配
d:\college\junior\计算机视觉\homework\homework3\homework3\homework3_part2\canny.cpp(155): warning C4244: “初始化”: 从“const double”转换到“float”，可能丢失数据
d:\college\junior\计算机视觉\homework\homework3\homework3\homework3_part2\canny.cpp(191): warning C4018: “<”: 有符号/无符号不匹配
d:\college\junior\计算机视觉\homework\homework3\homework3\homework3_part2\canny.cpp(193): warning C4018: “<”: 有符号/无符号不匹配
d:\college\junior\计算机视觉\homework\homework3\homework3\homework3_part2\canny.cpp(200): warning C4018: “<”: 有符号/无符号不匹配
d:\college\junior\计算机视觉\homework\homework3\homework3\homework3_part2\canny.cpp(201): warning C4018: “<”: 有符号/无符号不匹配
d:\college\junior\计算机视觉\homework\homework3\homework3\homework3_part2\canny.cpp(205): warning C4018: “<”: 有符号/无符号不匹配
d:\college\junior\计算机视觉\homework\homework3\homework3\homework3_part2\canny.cpp(206): warning C4018: “<”: 有符号/无符号不匹配
d:\college\junior\计算机视觉\homework\homework3\homework3\homework3_part2\canny.cpp(217): warning C4018: “<”: 有符号/无符号不匹配
  正在生成代码...
  正在编译...
  result.cpp
d:\college\junior\计算机视觉\homework\homework3\homework3\homework3_part2\result.cpp(30): warning C4305: “参数”: 从“double”到“const float”截断
d:\college\junior\计算机视觉\homework\homework3\homework3\homework3_part2\result.cpp(30): warning C4244: “参数”: 从“double”转换到“int”，可能丢失数据
d:\college\junior\计算机视觉\homework\homework3\homework3\homework3_part2\result.cpp(30): warning C4244: “参数”: 从“double”转换到“const int”，可能丢失数据
  point3d.cpp
  cluster.cpp
  正在生成代码...
  Homework3_part2.vcxproj -> D:\college\Junior\计算机视觉\Homework\Homework3\Homework3\Debug\Homework3_part2.exe
  Homework3_part2.vcxproj -> D:\college\Junior\计算机视觉\Homework\Homework3\Homework3\Debug\Homework3_part2.pdb (Partial PDB)
