1 226 0.429639 0.665016
3 226 0.423296 0.689190
4 227 0.427888 0.663074
6 226 0.418843 0.687622
7 227 0.409866 0.639373
11 226 0.419822 0.657342
12 227 0.387638 0.613423
18 225 0.361022 0.551363
21 225 0.331816 0.532670
22 225 0.323700 0.519543
24 225 0.299123 0.491772
58 16 0.099072 0.500232
60 19 0.103737 0.353794
61 20 0.122039 0.483232
70 23 0.064606 0.621145
83 27 0.061266 0.712522
86 28 0.421877 0.640976
91 31 0.062500 0.665610
96 34 0.080543 0.778018
101 38 0.060197 0.626650
102 39 0.063985 0.597873
103 42 0.080132 0.673826
104 43 0.091194 0.603107
114 28 0.337403 0.642736
120 60 0.098225 0.690025
123 67 0.368951 0.649776
124 68 0.091634 0.579421
125 72 0.166021 0.798895
126 73 0.264290 0.850344
130 75 0.078667 0.373842
134 81 0.090119 0.396985
135 82 0.065079 0.280178
142 94 0.402076 0.647502
156 122 0.080970 0.680415
159 124 0.150917 0.675108
160 128 0.171680 0.718829
167 133 0.358670 0.581218
175 225 0.343607 0.526306
196 145 0.044752 0.407603
212 156 0.131002 0.773482
213 157 0.103339 0.700038
217 160 0.082179 0.711598
218 161 0.072358 0.698859
220 163 0.083535 0.654881
222 167 0.088234 0.745752
226 170 0.207534 0.732761
230 173 0.120099 0.654230
233 174 0.269558 0.615350
239 179 0.076222 0.293285
240 178 0.053470 0.619395
248 200 0.460995 0.725451
250 201 0.366433 0.681839
255 208 0.267222 0.510277
260 214 0.368188 0.682434
266 218 0.241055 0.642771
288 228 0.046041 0.255494
298 237 0.202423 0.827960
300 267 0.339720 0.685618
301 239 0.227976 0.729761
302 240 0.222155 0.673144
306 244 0.109918 0.387837
312 251 0.287661 0.649423
323 260 0.101144 0.216356
326 265 0.184256 0.618939
329 267 0.115727 0.683434
330 272 0.090644 0.665155
331 277 0.171853 0.682301
332 279 0.086744 0.548642
343 287 0.340335 0.758848
346 289 0.382398 0.700145
347 290 0.314503 0.504049
